{"C:\\Users\\Edgar\\Documents\\Code\\Test-Kanggo\\app.js": {"path":"C:\\Users\\Edgar\\Documents\\Code\\Test-Kanggo\\app.js","statementMap":{"0":{"start":{"line":1,"column":0},"end":{"line":1,"column":69}},"1":{"start":{"line":1,"column":42},"end":{"line":1,"column":69}},"2":{"start":{"line":2,"column":16},"end":{"line":2,"column":34}},"3":{"start":{"line":3,"column":12},"end":{"line":3,"column":21}},"4":{"start":{"line":4,"column":15},"end":{"line":4,"column":34}},"5":{"start":{"line":5,"column":13},"end":{"line":5,"column":28}},"6":{"start":{"line":6,"column":19},"end":{"line":6,"column":55}},"7":{"start":{"line":8,"column":0},"end":{"line":8,"column":16}},"8":{"start":{"line":9,"column":0},"end":{"line":9,"column":45}},"9":{"start":{"line":10,"column":0},"end":{"line":10,"column":24}},"10":{"start":{"line":12,"column":0},"end":{"line":12,"column":20}},"11":{"start":{"line":13,"column":0},"end":{"line":13,"column":20}},"12":{"start":{"line":14,"column":0},"end":{"line":14,"column":20}}},"fnMap":{},"branchMap":{"0":{"loc":{"start":{"line":1,"column":0},"end":{"line":1,"column":69}},"type":"if","locations":[{"start":{"line":1,"column":0},"end":{"line":1,"column":69}},{"start":{"line":1,"column":0},"end":{"line":1,"column":69}}],"line":1}},"s":{"0":4,"1":4,"2":4,"3":4,"4":4,"5":4,"6":4,"7":4,"8":4,"9":4,"10":4,"11":4,"12":4},"f":{},"b":{"0":[4,0]},"_coverageSchema":"1a1c01bbd47fc00a2c39e90264f33305004495a9","hash":"aea4dfdcf3a15d217a4c970f84ecfef6cedcceb8"}
,"C:\\Users\\Edgar\\Documents\\Code\\Test-Kanggo\\controllers\\orderController.js": {"path":"C:\\Users\\Edgar\\Documents\\Code\\Test-Kanggo\\controllers\\orderController.js","statementMap":{"0":{"start":{"line":1,"column":16},"end":{"line":1,"column":42}},"1":{"start":{"line":5,"column":8},"end":{"line":20,"column":9}},"2":{"start":{"line":6,"column":12},"end":{"line":12,"column":36}},"3":{"start":{"line":8,"column":16},"end":{"line":8,"column":80}},"4":{"start":{"line":8,"column":27},"end":{"line":8,"column":80}},"5":{"start":{"line":9,"column":16},"end":{"line":9,"column":33}},"6":{"start":{"line":10,"column":16},"end":{"line":10,"column":64}},"7":{"start":{"line":12,"column":26},"end":{"line":12,"column":35}},"8":{"start":{"line":15,"column":12},"end":{"line":19,"column":36}},"9":{"start":{"line":17,"column":16},"end":{"line":17,"column":64}},"10":{"start":{"line":19,"column":26},"end":{"line":19,"column":35}},"11":{"start":{"line":24,"column":23},"end":{"line":24,"column":31}},"12":{"start":{"line":25,"column":8},"end":{"line":25,"column":45}},"13":{"start":{"line":26,"column":8},"end":{"line":26,"column":35}},"14":{"start":{"line":27,"column":8},"end":{"line":27,"column":94}},"15":{"start":{"line":27,"column":33},"end":{"line":27,"column":94}},"16":{"start":{"line":28,"column":8},"end":{"line":30,"column":36}},"17":{"start":{"line":29,"column":26},"end":{"line":29,"column":74}},"18":{"start":{"line":30,"column":26},"end":{"line":30,"column":35}},"19":{"start":{"line":34,"column":8},"end":{"line":34,"column":34}},"20":{"start":{"line":35,"column":8},"end":{"line":40,"column":36}},"21":{"start":{"line":37,"column":16},"end":{"line":37,"column":89}},"22":{"start":{"line":37,"column":33},"end":{"line":37,"column":89}},"23":{"start":{"line":38,"column":16},"end":{"line":38,"column":64}},"24":{"start":{"line":40,"column":26},"end":{"line":40,"column":35}},"25":{"start":{"line":44,"column":8},"end":{"line":49,"column":36}},"26":{"start":{"line":46,"column":16},"end":{"line":46,"column":85}},"27":{"start":{"line":46,"column":30},"end":{"line":46,"column":85}},"28":{"start":{"line":47,"column":16},"end":{"line":47,"column":58}},"29":{"start":{"line":49,"column":26},"end":{"line":49,"column":35}},"30":{"start":{"line":53,"column":0},"end":{"line":53,"column":27}}},"fnMap":{"0":{"name":"(anonymous_0)","decl":{"start":{"line":4,"column":4},"end":{"line":4,"column":5}},"loc":{"start":{"line":4,"column":36},"end":{"line":21,"column":5}},"line":4},"1":{"name":"(anonymous_1)","decl":{"start":{"line":7,"column":18},"end":{"line":7,"column":19}},"loc":{"start":{"line":7,"column":26},"end":{"line":11,"column":13}},"line":7},"2":{"name":"(anonymous_2)","decl":{"start":{"line":12,"column":19},"end":{"line":12,"column":20}},"loc":{"start":{"line":12,"column":26},"end":{"line":12,"column":35}},"line":12},"3":{"name":"(anonymous_3)","decl":{"start":{"line":16,"column":18},"end":{"line":16,"column":19}},"loc":{"start":{"line":16,"column":26},"end":{"line":18,"column":13}},"line":16},"4":{"name":"(anonymous_4)","decl":{"start":{"line":19,"column":19},"end":{"line":19,"column":20}},"loc":{"start":{"line":19,"column":26},"end":{"line":19,"column":35}},"line":19},"5":{"name":"(anonymous_5)","decl":{"start":{"line":23,"column":4},"end":{"line":23,"column":5}},"loc":{"start":{"line":23,"column":36},"end":{"line":31,"column":5}},"line":23},"6":{"name":"(anonymous_6)","decl":{"start":{"line":29,"column":18},"end":{"line":29,"column":19}},"loc":{"start":{"line":29,"column":26},"end":{"line":29,"column":74}},"line":29},"7":{"name":"(anonymous_7)","decl":{"start":{"line":30,"column":19},"end":{"line":30,"column":20}},"loc":{"start":{"line":30,"column":26},"end":{"line":30,"column":35}},"line":30},"8":{"name":"(anonymous_8)","decl":{"start":{"line":33,"column":4},"end":{"line":33,"column":5}},"loc":{"start":{"line":33,"column":37},"end":{"line":41,"column":5}},"line":33},"9":{"name":"(anonymous_9)","decl":{"start":{"line":36,"column":18},"end":{"line":36,"column":19}},"loc":{"start":{"line":36,"column":28},"end":{"line":39,"column":13}},"line":36},"10":{"name":"(anonymous_10)","decl":{"start":{"line":40,"column":19},"end":{"line":40,"column":20}},"loc":{"start":{"line":40,"column":26},"end":{"line":40,"column":35}},"line":40},"11":{"name":"(anonymous_11)","decl":{"start":{"line":43,"column":4},"end":{"line":43,"column":5}},"loc":{"start":{"line":43,"column":35},"end":{"line":50,"column":5}},"line":43},"12":{"name":"(anonymous_12)","decl":{"start":{"line":45,"column":18},"end":{"line":45,"column":19}},"loc":{"start":{"line":45,"column":28},"end":{"line":48,"column":13}},"line":45},"13":{"name":"(anonymous_13)","decl":{"start":{"line":49,"column":19},"end":{"line":49,"column":20}},"loc":{"start":{"line":49,"column":26},"end":{"line":49,"column":35}},"line":49}},"branchMap":{"0":{"loc":{"start":{"line":5,"column":8},"end":{"line":20,"column":9}},"type":"if","locations":[{"start":{"line":5,"column":8},"end":{"line":20,"column":9}},{"start":{"line":5,"column":8},"end":{"line":20,"column":9}}],"line":5},"1":{"loc":{"start":{"line":8,"column":16},"end":{"line":8,"column":80}},"type":"if","locations":[{"start":{"line":8,"column":16},"end":{"line":8,"column":80}},{"start":{"line":8,"column":16},"end":{"line":8,"column":80}}],"line":8},"2":{"loc":{"start":{"line":27,"column":8},"end":{"line":27,"column":94}},"type":"if","locations":[{"start":{"line":27,"column":8},"end":{"line":27,"column":94}},{"start":{"line":27,"column":8},"end":{"line":27,"column":94}}],"line":27},"3":{"loc":{"start":{"line":37,"column":16},"end":{"line":37,"column":89}},"type":"if","locations":[{"start":{"line":37,"column":16},"end":{"line":37,"column":89}},{"start":{"line":37,"column":16},"end":{"line":37,"column":89}}],"line":37},"4":{"loc":{"start":{"line":46,"column":16},"end":{"line":46,"column":85}},"type":"if","locations":[{"start":{"line":46,"column":16},"end":{"line":46,"column":85}},{"start":{"line":46,"column":16},"end":{"line":46,"column":85}}],"line":46}},"s":{"0":4,"1":2,"2":1,"3":1,"4":0,"5":1,"6":1,"7":0,"8":1,"9":1,"10":0,"11":1,"12":1,"13":1,"14":1,"15":0,"16":1,"17":1,"18":0,"19":1,"20":1,"21":1,"22":0,"23":1,"24":0,"25":1,"26":1,"27":0,"28":1,"29":0,"30":4},"f":{"0":2,"1":1,"2":0,"3":1,"4":0,"5":1,"6":1,"7":0,"8":1,"9":1,"10":0,"11":1,"12":1,"13":0},"b":{"0":[1,1],"1":[0,1],"2":[0,1],"3":[0,1],"4":[0,1]},"_coverageSchema":"1a1c01bbd47fc00a2c39e90264f33305004495a9","hash":"2f3890d692db881022426f19918024520502dedb"}
,"C:\\Users\\Edgar\\Documents\\Code\\Test-Kanggo\\controllers\\paymentController.js": {"path":"C:\\Users\\Edgar\\Documents\\Code\\Test-Kanggo\\controllers\\paymentController.js","statementMap":{"0":{"start":{"line":1,"column":37},"end":{"line":1,"column":63}},"1":{"start":{"line":5,"column":25},"end":{"line":5,"column":33}},"2":{"start":{"line":6,"column":8},"end":{"line":6,"column":48}},"3":{"start":{"line":7,"column":8},"end":{"line":7,"column":34}},"4":{"start":{"line":8,"column":8},"end":{"line":17,"column":32}},"5":{"start":{"line":10,"column":12},"end":{"line":10,"column":79}},"6":{"start":{"line":10,"column":27},"end":{"line":10,"column":79}},"7":{"start":{"line":11,"column":12},"end":{"line":11,"column":100}},"8":{"start":{"line":14,"column":12},"end":{"line":14,"column":67}},"9":{"start":{"line":16,"column":22},"end":{"line":16,"column":70}},"10":{"start":{"line":17,"column":22},"end":{"line":17,"column":31}},"11":{"start":{"line":21,"column":8},"end":{"line":35,"column":9}},"12":{"start":{"line":22,"column":12},"end":{"line":27,"column":36}},"13":{"start":{"line":24,"column":16},"end":{"line":24,"column":85}},"14":{"start":{"line":24,"column":27},"end":{"line":24,"column":85}},"15":{"start":{"line":25,"column":16},"end":{"line":25,"column":64}},"16":{"start":{"line":27,"column":26},"end":{"line":27,"column":35}},"17":{"start":{"line":30,"column":12},"end":{"line":34,"column":36}},"18":{"start":{"line":32,"column":16},"end":{"line":32,"column":64}},"19":{"start":{"line":34,"column":26},"end":{"line":34,"column":35}},"20":{"start":{"line":39,"column":0},"end":{"line":39,"column":27}}},"fnMap":{"0":{"name":"(anonymous_0)","decl":{"start":{"line":4,"column":4},"end":{"line":4,"column":5}},"loc":{"start":{"line":4,"column":38},"end":{"line":18,"column":5}},"line":4},"1":{"name":"(anonymous_1)","decl":{"start":{"line":9,"column":14},"end":{"line":9,"column":15}},"loc":{"start":{"line":9,"column":23},"end":{"line":12,"column":9}},"line":9},"2":{"name":"(anonymous_2)","decl":{"start":{"line":13,"column":14},"end":{"line":13,"column":15}},"loc":{"start":{"line":13,"column":20},"end":{"line":15,"column":9}},"line":13},"3":{"name":"(anonymous_3)","decl":{"start":{"line":16,"column":14},"end":{"line":16,"column":15}},"loc":{"start":{"line":16,"column":22},"end":{"line":16,"column":70}},"line":16},"4":{"name":"(anonymous_4)","decl":{"start":{"line":17,"column":15},"end":{"line":17,"column":16}},"loc":{"start":{"line":17,"column":22},"end":{"line":17,"column":31}},"line":17},"5":{"name":"(anonymous_5)","decl":{"start":{"line":20,"column":4},"end":{"line":20,"column":5}},"loc":{"start":{"line":20,"column":37},"end":{"line":36,"column":5}},"line":20},"6":{"name":"(anonymous_6)","decl":{"start":{"line":23,"column":18},"end":{"line":23,"column":19}},"loc":{"start":{"line":23,"column":26},"end":{"line":26,"column":13}},"line":23},"7":{"name":"(anonymous_7)","decl":{"start":{"line":27,"column":19},"end":{"line":27,"column":20}},"loc":{"start":{"line":27,"column":26},"end":{"line":27,"column":35}},"line":27},"8":{"name":"(anonymous_8)","decl":{"start":{"line":31,"column":18},"end":{"line":31,"column":19}},"loc":{"start":{"line":31,"column":26},"end":{"line":33,"column":13}},"line":31},"9":{"name":"(anonymous_9)","decl":{"start":{"line":34,"column":19},"end":{"line":34,"column":20}},"loc":{"start":{"line":34,"column":26},"end":{"line":34,"column":35}},"line":34}},"branchMap":{"0":{"loc":{"start":{"line":10,"column":12},"end":{"line":10,"column":79}},"type":"if","locations":[{"start":{"line":10,"column":12},"end":{"line":10,"column":79}},{"start":{"line":10,"column":12},"end":{"line":10,"column":79}}],"line":10},"1":{"loc":{"start":{"line":21,"column":8},"end":{"line":35,"column":9}},"type":"if","locations":[{"start":{"line":21,"column":8},"end":{"line":35,"column":9}},{"start":{"line":21,"column":8},"end":{"line":35,"column":9}}],"line":21},"2":{"loc":{"start":{"line":24,"column":16},"end":{"line":24,"column":85}},"type":"if","locations":[{"start":{"line":24,"column":16},"end":{"line":24,"column":85}},{"start":{"line":24,"column":16},"end":{"line":24,"column":85}}],"line":24}},"s":{"0":4,"1":3,"2":3,"3":3,"4":3,"5":3,"6":2,"7":1,"8":1,"9":1,"10":2,"11":3,"12":2,"13":2,"14":1,"15":1,"16":1,"17":1,"18":1,"19":0,"20":4},"f":{"0":3,"1":3,"2":1,"3":1,"4":2,"5":3,"6":2,"7":1,"8":1,"9":0},"b":{"0":[2,1],"1":[2,1],"2":[1,1]},"_coverageSchema":"1a1c01bbd47fc00a2c39e90264f33305004495a9","hash":"a48586c897788d064a85f03f425815ef186eea8d"}
,"C:\\Users\\Edgar\\Documents\\Code\\Test-Kanggo\\controllers\\productController.js": {"path":"C:\\Users\\Edgar\\Documents\\Code\\Test-Kanggo\\controllers\\productController.js","statementMap":{"0":{"start":{"line":1,"column":18},"end":{"line":1,"column":44}},"1":{"start":{"line":5,"column":8},"end":{"line":19,"column":9}},"2":{"start":{"line":6,"column":12},"end":{"line":11,"column":36}},"3":{"start":{"line":8,"column":16},"end":{"line":8,"column":82}},"4":{"start":{"line":8,"column":27},"end":{"line":8,"column":82}},"5":{"start":{"line":9,"column":16},"end":{"line":9,"column":64}},"6":{"start":{"line":11,"column":26},"end":{"line":11,"column":35}},"7":{"start":{"line":14,"column":12},"end":{"line":18,"column":36}},"8":{"start":{"line":16,"column":16},"end":{"line":16,"column":64}},"9":{"start":{"line":18,"column":26},"end":{"line":18,"column":35}},"10":{"start":{"line":23,"column":25},"end":{"line":23,"column":33}},"11":{"start":{"line":24,"column":8},"end":{"line":26,"column":36}},"12":{"start":{"line":25,"column":26},"end":{"line":25,"column":74}},"13":{"start":{"line":26,"column":26},"end":{"line":26,"column":35}},"14":{"start":{"line":30,"column":8},"end":{"line":35,"column":36}},"15":{"start":{"line":32,"column":16},"end":{"line":32,"column":89}},"16":{"start":{"line":32,"column":33},"end":{"line":32,"column":89}},"17":{"start":{"line":33,"column":16},"end":{"line":33,"column":64}},"18":{"start":{"line":35,"column":26},"end":{"line":35,"column":35}},"19":{"start":{"line":39,"column":8},"end":{"line":45,"column":36}},"20":{"start":{"line":41,"column":16},"end":{"line":41,"column":85}},"21":{"start":{"line":41,"column":30},"end":{"line":41,"column":85}},"22":{"start":{"line":42,"column":16},"end":{"line":42,"column":43}},"23":{"start":{"line":43,"column":16},"end":{"line":43,"column":58}},"24":{"start":{"line":45,"column":26},"end":{"line":45,"column":35}},"25":{"start":{"line":49,"column":0},"end":{"line":49,"column":27}}},"fnMap":{"0":{"name":"(anonymous_0)","decl":{"start":{"line":4,"column":4},"end":{"line":4,"column":5}},"loc":{"start":{"line":4,"column":38},"end":{"line":20,"column":5}},"line":4},"1":{"name":"(anonymous_1)","decl":{"start":{"line":7,"column":18},"end":{"line":7,"column":19}},"loc":{"start":{"line":7,"column":26},"end":{"line":10,"column":13}},"line":7},"2":{"name":"(anonymous_2)","decl":{"start":{"line":11,"column":19},"end":{"line":11,"column":20}},"loc":{"start":{"line":11,"column":26},"end":{"line":11,"column":35}},"line":11},"3":{"name":"(anonymous_3)","decl":{"start":{"line":15,"column":18},"end":{"line":15,"column":19}},"loc":{"start":{"line":15,"column":26},"end":{"line":17,"column":13}},"line":15},"4":{"name":"(anonymous_4)","decl":{"start":{"line":18,"column":19},"end":{"line":18,"column":20}},"loc":{"start":{"line":18,"column":26},"end":{"line":18,"column":35}},"line":18},"5":{"name":"(anonymous_5)","decl":{"start":{"line":22,"column":4},"end":{"line":22,"column":5}},"loc":{"start":{"line":22,"column":38},"end":{"line":27,"column":5}},"line":22},"6":{"name":"(anonymous_6)","decl":{"start":{"line":25,"column":18},"end":{"line":25,"column":19}},"loc":{"start":{"line":25,"column":26},"end":{"line":25,"column":74}},"line":25},"7":{"name":"(anonymous_7)","decl":{"start":{"line":26,"column":19},"end":{"line":26,"column":20}},"loc":{"start":{"line":26,"column":26},"end":{"line":26,"column":35}},"line":26},"8":{"name":"(anonymous_8)","decl":{"start":{"line":29,"column":4},"end":{"line":29,"column":5}},"loc":{"start":{"line":29,"column":37},"end":{"line":36,"column":5}},"line":29},"9":{"name":"(anonymous_9)","decl":{"start":{"line":31,"column":18},"end":{"line":31,"column":19}},"loc":{"start":{"line":31,"column":28},"end":{"line":34,"column":13}},"line":31},"10":{"name":"(anonymous_10)","decl":{"start":{"line":35,"column":19},"end":{"line":35,"column":20}},"loc":{"start":{"line":35,"column":26},"end":{"line":35,"column":35}},"line":35},"11":{"name":"(anonymous_11)","decl":{"start":{"line":38,"column":4},"end":{"line":38,"column":5}},"loc":{"start":{"line":38,"column":37},"end":{"line":46,"column":5}},"line":38},"12":{"name":"(anonymous_12)","decl":{"start":{"line":40,"column":18},"end":{"line":40,"column":19}},"loc":{"start":{"line":40,"column":28},"end":{"line":44,"column":13}},"line":40},"13":{"name":"(anonymous_13)","decl":{"start":{"line":45,"column":19},"end":{"line":45,"column":20}},"loc":{"start":{"line":45,"column":26},"end":{"line":45,"column":35}},"line":45}},"branchMap":{"0":{"loc":{"start":{"line":5,"column":8},"end":{"line":19,"column":9}},"type":"if","locations":[{"start":{"line":5,"column":8},"end":{"line":19,"column":9}},{"start":{"line":5,"column":8},"end":{"line":19,"column":9}}],"line":5},"1":{"loc":{"start":{"line":8,"column":16},"end":{"line":8,"column":82}},"type":"if","locations":[{"start":{"line":8,"column":16},"end":{"line":8,"column":82}},{"start":{"line":8,"column":16},"end":{"line":8,"column":82}}],"line":8},"2":{"loc":{"start":{"line":32,"column":16},"end":{"line":32,"column":89}},"type":"if","locations":[{"start":{"line":32,"column":16},"end":{"line":32,"column":89}},{"start":{"line":32,"column":16},"end":{"line":32,"column":89}}],"line":32},"3":{"loc":{"start":{"line":41,"column":16},"end":{"line":41,"column":85}},"type":"if","locations":[{"start":{"line":41,"column":16},"end":{"line":41,"column":85}},{"start":{"line":41,"column":16},"end":{"line":41,"column":85}}],"line":41}},"s":{"0":4,"1":2,"2":1,"3":1,"4":0,"5":1,"6":0,"7":1,"8":1,"9":0,"10":4,"11":4,"12":1,"13":3,"14":3,"15":2,"16":1,"17":1,"18":2,"19":2,"20":2,"21":1,"22":1,"23":1,"24":1,"25":4},"f":{"0":2,"1":1,"2":0,"3":1,"4":0,"5":4,"6":1,"7":3,"8":3,"9":2,"10":2,"11":2,"12":2,"13":1},"b":{"0":[1,1],"1":[0,1],"2":[1,1],"3":[1,1]},"_coverageSchema":"1a1c01bbd47fc00a2c39e90264f33305004495a9","hash":"e518000f70d104d6d86427fb7a6ab6b52b9e5ae8"}
,"C:\\Users\\Edgar\\Documents\\Code\\Test-Kanggo\\controllers\\userController.js": {"path":"C:\\Users\\Edgar\\Documents\\Code\\Test-Kanggo\\controllers\\userController.js","statementMap":{"0":{"start":{"line":1,"column":15},"end":{"line":1,"column":41}},"1":{"start":{"line":2,"column":18},"end":{"line":2,"column":46}},"2":{"start":{"line":3,"column":21},"end":{"line":3,"column":46}},"3":{"start":{"line":7,"column":8},"end":{"line":7,"column":113}},"4":{"start":{"line":7,"column":51},"end":{"line":7,"column":113}},"5":{"start":{"line":8,"column":8},"end":{"line":18,"column":14}},"6":{"start":{"line":10,"column":16},"end":{"line":14,"column":79}},"7":{"start":{"line":10,"column":27},"end":{"line":10,"column":87}},"8":{"start":{"line":11,"column":21},"end":{"line":14,"column":79}},"9":{"start":{"line":12,"column":34},"end":{"line":12,"column":59}},"10":{"start":{"line":13,"column":20},"end":{"line":13,"column":92}},"11":{"start":{"line":14,"column":24},"end":{"line":14,"column":78}},"12":{"start":{"line":17,"column":16},"end":{"line":17,"column":27}},"13":{"start":{"line":22,"column":8},"end":{"line":22,"column":113}},"14":{"start":{"line":22,"column":51},"end":{"line":22,"column":113}},"15":{"start":{"line":23,"column":8},"end":{"line":29,"column":14}},"16":{"start":{"line":25,"column":16},"end":{"line":25,"column":99}},"17":{"start":{"line":28,"column":16},"end":{"line":28,"column":27}},"18":{"start":{"line":33,"column":0},"end":{"line":33,"column":27}}},"fnMap":{"0":{"name":"(anonymous_0)","decl":{"start":{"line":6,"column":4},"end":{"line":6,"column":5}},"loc":{"start":{"line":6,"column":32},"end":{"line":19,"column":5}},"line":6},"1":{"name":"(anonymous_1)","decl":{"start":{"line":9,"column":18},"end":{"line":9,"column":19}},"loc":{"start":{"line":9,"column":26},"end":{"line":15,"column":13}},"line":9},"2":{"name":"(anonymous_2)","decl":{"start":{"line":16,"column":19},"end":{"line":16,"column":20}},"loc":{"start":{"line":16,"column":28},"end":{"line":18,"column":13}},"line":16},"3":{"name":"(anonymous_3)","decl":{"start":{"line":21,"column":4},"end":{"line":21,"column":5}},"loc":{"start":{"line":21,"column":35},"end":{"line":30,"column":5}},"line":21},"4":{"name":"(anonymous_4)","decl":{"start":{"line":24,"column":18},"end":{"line":24,"column":19}},"loc":{"start":{"line":24,"column":28},"end":{"line":26,"column":13}},"line":24},"5":{"name":"(anonymous_5)","decl":{"start":{"line":27,"column":19},"end":{"line":27,"column":20}},"loc":{"start":{"line":27,"column":28},"end":{"line":29,"column":13}},"line":27}},"branchMap":{"0":{"loc":{"start":{"line":7,"column":8},"end":{"line":7,"column":113}},"type":"if","locations":[{"start":{"line":7,"column":8},"end":{"line":7,"column":113}},{"start":{"line":7,"column":8},"end":{"line":7,"column":113}}],"line":7},"1":{"loc":{"start":{"line":7,"column":12},"end":{"line":7,"column":49}},"type":"binary-expr","locations":[{"start":{"line":7,"column":12},"end":{"line":7,"column":27}},{"start":{"line":7,"column":31},"end":{"line":7,"column":49}}],"line":7},"2":{"loc":{"start":{"line":10,"column":16},"end":{"line":14,"column":79}},"type":"if","locations":[{"start":{"line":10,"column":16},"end":{"line":14,"column":79}},{"start":{"line":10,"column":16},"end":{"line":14,"column":79}}],"line":10},"3":{"loc":{"start":{"line":11,"column":21},"end":{"line":14,"column":79}},"type":"if","locations":[{"start":{"line":11,"column":21},"end":{"line":14,"column":79}},{"start":{"line":11,"column":21},"end":{"line":14,"column":79}}],"line":11},"4":{"loc":{"start":{"line":22,"column":8},"end":{"line":22,"column":113}},"type":"if","locations":[{"start":{"line":22,"column":8},"end":{"line":22,"column":113}},{"start":{"line":22,"column":8},"end":{"line":22,"column":113}}],"line":22},"5":{"loc":{"start":{"line":22,"column":12},"end":{"line":22,"column":49}},"type":"binary-expr","locations":[{"start":{"line":22,"column":12},"end":{"line":22,"column":27}},{"start":{"line":22,"column":31},"end":{"line":22,"column":49}}],"line":22}},"s":{"0":4,"1":4,"2":4,"3":4,"4":1,"5":3,"6":3,"7":1,"8":2,"9":1,"10":1,"11":1,"12":2,"13":3,"14":1,"15":2,"16":1,"17":1,"18":4},"f":{"0":4,"1":3,"2":2,"3":3,"4":1,"5":1},"b":{"0":[1,3],"1":[4,3],"2":[1,2],"3":[1,1],"4":[1,2],"5":[3,2]},"_coverageSchema":"1a1c01bbd47fc00a2c39e90264f33305004495a9","hash":"127c066b33ab55babb3d5c2ed722397000bce9be"}
,"C:\\Users\\Edgar\\Documents\\Code\\Test-Kanggo\\helpers\\bcrypt.js": {"path":"C:\\Users\\Edgar\\Documents\\Code\\Test-Kanggo\\helpers\\bcrypt.js","statementMap":{"0":{"start":{"line":1,"column":15},"end":{"line":1,"column":34}},"1":{"start":{"line":3,"column":11},"end":{"line":3,"column":73}},"2":{"start":{"line":3,"column":25},"end":{"line":3,"column":73}},"3":{"start":{"line":4,"column":14},"end":{"line":4,"column":72}},"4":{"start":{"line":4,"column":36},"end":{"line":4,"column":72}},"5":{"start":{"line":6,"column":0},"end":{"line":6,"column":32}}},"fnMap":{"0":{"name":"(anonymous_0)","decl":{"start":{"line":3,"column":11},"end":{"line":3,"column":12}},"loc":{"start":{"line":3,"column":25},"end":{"line":3,"column":73}},"line":3},"1":{"name":"(anonymous_1)","decl":{"start":{"line":4,"column":14},"end":{"line":4,"column":15}},"loc":{"start":{"line":4,"column":36},"end":{"line":4,"column":72}},"line":4}},"branchMap":{},"s":{"0":4,"1":4,"2":2,"3":4,"4":2,"5":4},"f":{"0":2,"1":2},"b":{},"_coverageSchema":"1a1c01bbd47fc00a2c39e90264f33305004495a9","hash":"827356d1797e84eba79a70eef93e088fff82000d"}
,"C:\\Users\\Edgar\\Documents\\Code\\Test-Kanggo\\helpers\\jwt.js": {"path":"C:\\Users\\Edgar\\Documents\\Code\\Test-Kanggo\\helpers\\jwt.js","statementMap":{"0":{"start":{"line":1,"column":12},"end":{"line":1,"column":35}},"1":{"start":{"line":3,"column":19},"end":{"line":3,"column":41}},"2":{"start":{"line":4,"column":19},"end":{"line":4,"column":61}},"3":{"start":{"line":4,"column":32},"end":{"line":4,"column":61}},"4":{"start":{"line":6,"column":19},"end":{"line":6,"column":59}},"5":{"start":{"line":6,"column":30},"end":{"line":6,"column":59}},"6":{"start":{"line":8,"column":0},"end":{"line":8,"column":41}}},"fnMap":{"0":{"name":"(anonymous_0)","decl":{"start":{"line":4,"column":19},"end":{"line":4,"column":20}},"loc":{"start":{"line":4,"column":32},"end":{"line":4,"column":61}},"line":4},"1":{"name":"(anonymous_1)","decl":{"start":{"line":6,"column":19},"end":{"line":6,"column":20}},"loc":{"start":{"line":6,"column":30},"end":{"line":6,"column":59}},"line":6}},"branchMap":{},"s":{"0":4,"1":4,"2":4,"3":2,"4":4,"5":15,"6":4},"f":{"0":2,"1":15},"b":{},"_coverageSchema":"1a1c01bbd47fc00a2c39e90264f33305004495a9","hash":"28670915dcccaa40f44009014109f53c9abb8ff8"}
,"C:\\Users\\Edgar\\Documents\\Code\\Test-Kanggo\\middleware\\auth.js": {"path":"C:\\Users\\Edgar\\Documents\\Code\\Test-Kanggo\\middleware\\auth.js","statementMap":{"0":{"start":{"line":1,"column":21},"end":{"line":1,"column":46}},"1":{"start":{"line":2,"column":22},"end":{"line":2,"column":42}},"2":{"start":{"line":4,"column":23},"end":{"line":23,"column":1}},"3":{"start":{"line":5,"column":4},"end":{"line":22,"column":5}},"4":{"start":{"line":6,"column":31},"end":{"line":6,"column":42}},"5":{"start":{"line":7,"column":8},"end":{"line":7,"column":86}},"6":{"start":{"line":7,"column":27},"end":{"line":7,"column":86}},"7":{"start":{"line":8,"column":28},"end":{"line":8,"column":52}},"8":{"start":{"line":9,"column":8},"end":{"line":19,"column":14}},"9":{"start":{"line":11,"column":16},"end":{"line":16,"column":17}},"10":{"start":{"line":12,"column":20},"end":{"line":12,"column":81}},"11":{"start":{"line":14,"column":20},"end":{"line":14,"column":51}},"12":{"start":{"line":15,"column":20},"end":{"line":15,"column":26}},"13":{"start":{"line":18,"column":16},"end":{"line":18,"column":25}},"14":{"start":{"line":21,"column":8},"end":{"line":21,"column":17}},"15":{"start":{"line":25,"column":18},"end":{"line":38,"column":1}},"16":{"start":{"line":26,"column":4},"end":{"line":37,"column":5}},"17":{"start":{"line":27,"column":8},"end":{"line":34,"column":36}},"18":{"start":{"line":29,"column":16},"end":{"line":29,"column":35}},"19":{"start":{"line":30,"column":16},"end":{"line":30,"column":79}},"20":{"start":{"line":30,"column":28},"end":{"line":30,"column":79}},"21":{"start":{"line":31,"column":16},"end":{"line":32,"column":27}},"22":{"start":{"line":31,"column":58},"end":{"line":31,"column":139}},"23":{"start":{"line":32,"column":21},"end":{"line":32,"column":27}},"24":{"start":{"line":34,"column":26},"end":{"line":34,"column":35}},"25":{"start":{"line":36,"column":8},"end":{"line":36,"column":17}},"26":{"start":{"line":40,"column":0},"end":{"line":40,"column":44}}},"fnMap":{"0":{"name":"(anonymous_0)","decl":{"start":{"line":4,"column":23},"end":{"line":4,"column":24}},"loc":{"start":{"line":4,"column":42},"end":{"line":23,"column":1}},"line":4},"1":{"name":"(anonymous_1)","decl":{"start":{"line":10,"column":18},"end":{"line":10,"column":19}},"loc":{"start":{"line":10,"column":26},"end":{"line":17,"column":13}},"line":10},"2":{"name":"(anonymous_2)","decl":{"start":{"line":17,"column":22},"end":{"line":17,"column":23}},"loc":{"start":{"line":17,"column":29},"end":{"line":19,"column":13}},"line":17},"3":{"name":"(anonymous_3)","decl":{"start":{"line":25,"column":18},"end":{"line":25,"column":19}},"loc":{"start":{"line":25,"column":38},"end":{"line":38,"column":1}},"line":25},"4":{"name":"(anonymous_4)","decl":{"start":{"line":28,"column":18},"end":{"line":28,"column":19}},"loc":{"start":{"line":28,"column":27},"end":{"line":33,"column":13}},"line":28},"5":{"name":"(anonymous_5)","decl":{"start":{"line":34,"column":19},"end":{"line":34,"column":20}},"loc":{"start":{"line":34,"column":26},"end":{"line":34,"column":35}},"line":34}},"branchMap":{"0":{"loc":{"start":{"line":7,"column":8},"end":{"line":7,"column":86}},"type":"if","locations":[{"start":{"line":7,"column":8},"end":{"line":7,"column":86}},{"start":{"line":7,"column":8},"end":{"line":7,"column":86}}],"line":7},"1":{"loc":{"start":{"line":11,"column":16},"end":{"line":16,"column":17}},"type":"if","locations":[{"start":{"line":11,"column":16},"end":{"line":16,"column":17}},{"start":{"line":11,"column":16},"end":{"line":16,"column":17}}],"line":11},"2":{"loc":{"start":{"line":30,"column":16},"end":{"line":30,"column":79}},"type":"if","locations":[{"start":{"line":30,"column":16},"end":{"line":30,"column":79}},{"start":{"line":30,"column":16},"end":{"line":30,"column":79}}],"line":30},"3":{"loc":{"start":{"line":31,"column":16},"end":{"line":32,"column":27}},"type":"if","locations":[{"start":{"line":31,"column":16},"end":{"line":32,"column":27}},{"start":{"line":31,"column":16},"end":{"line":32,"column":27}}],"line":31}},"s":{"0":4,"1":4,"2":4,"3":17,"4":17,"5":17,"6":2,"7":15,"8":15,"9":15,"10":2,"11":13,"12":13,"13":2,"14":2,"15":4,"16":4,"17":4,"18":4,"19":4,"20":2,"21":2,"22":0,"23":2,"24":2,"25":0,"26":4},"f":{"0":17,"1":15,"2":2,"3":4,"4":4,"5":2},"b":{"0":[2,15],"1":[2,13],"2":[2,2],"3":[0,2]},"_coverageSchema":"1a1c01bbd47fc00a2c39e90264f33305004495a9","hash":"8781a7fce37b13e4370a849997bfdcb2ac42ed58"}
,"C:\\Users\\Edgar\\Documents\\Code\\Test-Kanggo\\middleware\\errorHandler.js": {"path":"C:\\Users\\Edgar\\Documents\\Code\\Test-Kanggo\\middleware\\errorHandler.js","statementMap":{"0":{"start":{"line":1,"column":0},"end":{"line":33,"column":3}},"1":{"start":{"line":2,"column":21},"end":{"line":2,"column":24}},"2":{"start":{"line":3,"column":4},"end":{"line":31,"column":5}},"3":{"start":{"line":5,"column":8},"end":{"line":5,"column":54}},"4":{"start":{"line":5,"column":43},"end":{"line":5,"column":53}},"5":{"start":{"line":7,"column":8},"end":{"line":7,"column":24}},"6":{"start":{"line":8,"column":8},"end":{"line":8,"column":14}},"7":{"start":{"line":13,"column":8},"end":{"line":13,"column":24}},"8":{"start":{"line":14,"column":8},"end":{"line":14,"column":76}},"9":{"start":{"line":15,"column":8},"end":{"line":15,"column":14}},"10":{"start":{"line":19,"column":8},"end":{"line":19,"column":80}},"11":{"start":{"line":20,"column":8},"end":{"line":20,"column":24}},"12":{"start":{"line":21,"column":8},"end":{"line":21,"column":14}},"13":{"start":{"line":26,"column":8},"end":{"line":26,"column":24}},"14":{"start":{"line":27,"column":8},"end":{"line":27,"column":14}},"15":{"start":{"line":30,"column":8},"end":{"line":30,"column":14}},"16":{"start":{"line":32,"column":4},"end":{"line":32,"column":56}}},"fnMap":{"0":{"name":"(anonymous_0)","decl":{"start":{"line":1,"column":17},"end":{"line":1,"column":18}},"loc":{"start":{"line":1,"column":42},"end":{"line":33,"column":3}},"line":1},"1":{"name":"(anonymous_1)","decl":{"start":{"line":5,"column":37},"end":{"line":5,"column":38}},"loc":{"start":{"line":5,"column":43},"end":{"line":5,"column":53}},"line":5}},"branchMap":{"0":{"loc":{"start":{"line":3,"column":4},"end":{"line":31,"column":5}},"type":"switch","locations":[{"start":{"line":4,"column":6},"end":{"line":5,"column":54}},{"start":{"line":6,"column":6},"end":{"line":8,"column":14}},{"start":{"line":10,"column":6},"end":{"line":10,"column":48}},{"start":{"line":11,"column":6},"end":{"line":11,"column":39}},{"start":{"line":12,"column":6},"end":{"line":15,"column":14}},{"start":{"line":17,"column":6},"end":{"line":17,"column":26}},{"start":{"line":18,"column":6},"end":{"line":21,"column":14}},{"start":{"line":23,"column":6},"end":{"line":23,"column":24}},{"start":{"line":24,"column":6},"end":{"line":24,"column":31}},{"start":{"line":25,"column":6},"end":{"line":27,"column":14}},{"start":{"line":29,"column":6},"end":{"line":30,"column":14}}],"line":3},"1":{"loc":{"start":{"line":14,"column":22},"end":{"line":14,"column":76}},"type":"cond-expr","locations":[{"start":{"line":14,"column":35},"end":{"line":14,"column":46}},{"start":{"line":14,"column":49},"end":{"line":14,"column":76}}],"line":14},"2":{"loc":{"start":{"line":19,"column":22},"end":{"line":19,"column":80}},"type":"cond-expr","locations":[{"start":{"line":19,"column":35},"end":{"line":19,"column":46}},{"start":{"line":19,"column":49},"end":{"line":19,"column":80}}],"line":19}},"s":{"0":4,"1":20,"2":20,"3":4,"4":4,"5":4,"6":4,"7":8,"8":8,"9":8,"10":5,"11":5,"12":5,"13":3,"14":3,"15":0,"16":20},"f":{"0":20,"1":4},"b":{"0":[4,4,0,0,8,1,5,2,2,3,0],"1":[8,0],"2":[5,0]},"_coverageSchema":"1a1c01bbd47fc00a2c39e90264f33305004495a9","hash":"b0798ae1de7a49fafdd47937411d87c2aa39539c"}
,"C:\\Users\\Edgar\\Documents\\Code\\Test-Kanggo\\models\\index.js": {"path":"C:\\Users\\Edgar\\Documents\\Code\\Test-Kanggo\\models\\index.js","statementMap":{"0":{"start":{"line":3,"column":11},"end":{"line":3,"column":24}},"1":{"start":{"line":4,"column":13},"end":{"line":4,"column":28}},"2":{"start":{"line":5,"column":18},"end":{"line":5,"column":38}},"3":{"start":{"line":6,"column":17},"end":{"line":6,"column":42}},"4":{"start":{"line":7,"column":12},"end":{"line":7,"column":49}},"5":{"start":{"line":8,"column":15},"end":{"line":8,"column":65}},"6":{"start":{"line":9,"column":11},"end":{"line":9,"column":13}},"7":{"start":{"line":12,"column":0},"end":{"line":16,"column":1}},"8":{"start":{"line":13,"column":2},"end":{"line":13,"column":74}},"9":{"start":{"line":15,"column":2},"end":{"line":15,"column":87}},"10":{"start":{"line":18,"column":0},"end":{"line":26,"column":5}},"11":{"start":{"line":21,"column":4},"end":{"line":21,"column":90}},"12":{"start":{"line":24,"column":18},"end":{"line":24,"column":85}},"13":{"start":{"line":25,"column":4},"end":{"line":25,"column":27}},"14":{"start":{"line":28,"column":0},"end":{"line":32,"column":3}},"15":{"start":{"line":29,"column":2},"end":{"line":31,"column":3}},"16":{"start":{"line":30,"column":4},"end":{"line":30,"column":32}},"17":{"start":{"line":34,"column":0},"end":{"line":34,"column":25}},"18":{"start":{"line":35,"column":0},"end":{"line":35,"column":25}},"19":{"start":{"line":37,"column":0},"end":{"line":37,"column":20}}},"fnMap":{"0":{"name":"(anonymous_0)","decl":{"start":{"line":20,"column":10},"end":{"line":20,"column":11}},"loc":{"start":{"line":20,"column":18},"end":{"line":22,"column":3}},"line":20},"1":{"name":"(anonymous_1)","decl":{"start":{"line":23,"column":11},"end":{"line":23,"column":12}},"loc":{"start":{"line":23,"column":19},"end":{"line":26,"column":3}},"line":23},"2":{"name":"(anonymous_2)","decl":{"start":{"line":28,"column":24},"end":{"line":28,"column":25}},"loc":{"start":{"line":28,"column":37},"end":{"line":32,"column":1}},"line":28}},"branchMap":{"0":{"loc":{"start":{"line":7,"column":12},"end":{"line":7,"column":49}},"type":"binary-expr","locations":[{"start":{"line":7,"column":12},"end":{"line":7,"column":32}},{"start":{"line":7,"column":36},"end":{"line":7,"column":49}}],"line":7},"1":{"loc":{"start":{"line":12,"column":0},"end":{"line":16,"column":1}},"type":"if","locations":[{"start":{"line":12,"column":0},"end":{"line":16,"column":1}},{"start":{"line":12,"column":0},"end":{"line":16,"column":1}}],"line":12},"2":{"loc":{"start":{"line":21,"column":11},"end":{"line":21,"column":89}},"type":"binary-expr","locations":[{"start":{"line":21,"column":12},"end":{"line":21,"column":35}},{"start":{"line":21,"column":41},"end":{"line":21,"column":58}},{"start":{"line":21,"column":64},"end":{"line":21,"column":88}}],"line":21},"3":{"loc":{"start":{"line":29,"column":2},"end":{"line":31,"column":3}},"type":"if","locations":[{"start":{"line":29,"column":2},"end":{"line":31,"column":3}},{"start":{"line":29,"column":2},"end":{"line":31,"column":3}}],"line":29}},"s":{"0":4,"1":4,"2":4,"3":4,"4":4,"5":4,"6":4,"7":4,"8":0,"9":4,"10":4,"11":20,"12":16,"13":16,"14":4,"15":16,"16":16,"17":4,"18":4,"19":4},"f":{"0":20,"1":16,"2":16},"b":{"0":[4,0],"1":[0,4],"2":[20,20,16],"3":[16,0]},"_coverageSchema":"1a1c01bbd47fc00a2c39e90264f33305004495a9","hash":"6a0f83e6d7468880785ee963e79c9af276b886eb"}
,"C:\\Users\\Edgar\\Documents\\Code\\Test-Kanggo\\models\\order.js": {"path":"C:\\Users\\Edgar\\Documents\\Code\\Test-Kanggo\\models\\order.js","statementMap":{"0":{"start":{"line":4,"column":4},"end":{"line":4,"column":24}},"1":{"start":{"line":5,"column":0},"end":{"line":28,"column":2}},"2":{"start":{"line":14,"column":6},"end":{"line":14,"column":60}},"3":{"start":{"line":15,"column":6},"end":{"line":15,"column":64}},"4":{"start":{"line":18,"column":2},"end":{"line":26,"column":5}},"5":{"start":{"line":27,"column":2},"end":{"line":27,"column":15}}},"fnMap":{"0":{"name":"(anonymous_0)","decl":{"start":{"line":5,"column":17},"end":{"line":5,"column":18}},"loc":{"start":{"line":5,"column":43},"end":{"line":28,"column":1}},"line":5},"1":{"name":"(anonymous_1)","decl":{"start":{"line":12,"column":4},"end":{"line":12,"column":5}},"loc":{"start":{"line":12,"column":29},"end":{"line":16,"column":5}},"line":12}},"branchMap":{},"s":{"0":4,"1":4,"2":4,"3":4,"4":4,"5":4},"f":{"0":4,"1":4},"b":{},"_coverageSchema":"1a1c01bbd47fc00a2c39e90264f33305004495a9","hash":"cca66e9fa632f9ef76971f174df9c97b2616da96"}
,"C:\\Users\\Edgar\\Documents\\Code\\Test-Kanggo\\models\\pembayaran.js": {"path":"C:\\Users\\Edgar\\Documents\\Code\\Test-Kanggo\\models\\pembayaran.js","statementMap":{"0":{"start":{"line":4,"column":4},"end":{"line":4,"column":24}},"1":{"start":{"line":5,"column":0},"end":{"line":25,"column":2}},"2":{"start":{"line":16,"column":2},"end":{"line":23,"column":5}},"3":{"start":{"line":24,"column":2},"end":{"line":24,"column":20}}},"fnMap":{"0":{"name":"(anonymous_0)","decl":{"start":{"line":5,"column":17},"end":{"line":5,"column":18}},"loc":{"start":{"line":5,"column":43},"end":{"line":25,"column":1}},"line":5},"1":{"name":"(anonymous_1)","decl":{"start":{"line":12,"column":4},"end":{"line":12,"column":5}},"loc":{"start":{"line":12,"column":29},"end":{"line":14,"column":5}},"line":12}},"branchMap":{},"s":{"0":4,"1":4,"2":4,"3":4},"f":{"0":4,"1":4},"b":{},"_coverageSchema":"1a1c01bbd47fc00a2c39e90264f33305004495a9","hash":"83864b4b533eb4588ebaf93c38aff9b64cdfe6fa"}
,"C:\\Users\\Edgar\\Documents\\Code\\Test-Kanggo\\models\\product.js": {"path":"C:\\Users\\Edgar\\Documents\\Code\\Test-Kanggo\\models\\product.js","statementMap":{"0":{"start":{"line":4,"column":4},"end":{"line":4,"column":24}},"1":{"start":{"line":5,"column":0},"end":{"line":33,"column":2}},"2":{"start":{"line":16,"column":2},"end":{"line":31,"column":5}},"3":{"start":{"line":32,"column":2},"end":{"line":32,"column":17}}},"fnMap":{"0":{"name":"(anonymous_0)","decl":{"start":{"line":5,"column":17},"end":{"line":5,"column":18}},"loc":{"start":{"line":5,"column":43},"end":{"line":33,"column":1}},"line":5},"1":{"name":"(anonymous_1)","decl":{"start":{"line":12,"column":4},"end":{"line":12,"column":5}},"loc":{"start":{"line":12,"column":29},"end":{"line":14,"column":5}},"line":12}},"branchMap":{},"s":{"0":4,"1":4,"2":4,"3":4},"f":{"0":4,"1":4},"b":{},"_coverageSchema":"1a1c01bbd47fc00a2c39e90264f33305004495a9","hash":"d4e3ff66952fdbd37cf98b5969c0eb5b0979c746"}
,"C:\\Users\\Edgar\\Documents\\Code\\Test-Kanggo\\models\\user.js": {"path":"C:\\Users\\Edgar\\Documents\\Code\\Test-Kanggo\\models\\user.js","statementMap":{"0":{"start":{"line":2,"column":15},"end":{"line":2,"column":43}},"1":{"start":{"line":5,"column":4},"end":{"line":5,"column":24}},"2":{"start":{"line":6,"column":0},"end":{"line":47,"column":2}},"3":{"start":{"line":17,"column":2},"end":{"line":45,"column":5}},"4":{"start":{"line":38,"column":8},"end":{"line":38,"column":43}},"5":{"start":{"line":39,"column":8},"end":{"line":39,"column":45}},"6":{"start":{"line":40,"column":8},"end":{"line":40,"column":47}},"7":{"start":{"line":40,"column":24},"end":{"line":40,"column":46}},"8":{"start":{"line":46,"column":2},"end":{"line":46,"column":14}}},"fnMap":{"0":{"name":"(anonymous_0)","decl":{"start":{"line":6,"column":17},"end":{"line":6,"column":18}},"loc":{"start":{"line":6,"column":43},"end":{"line":47,"column":1}},"line":6},"1":{"name":"(anonymous_1)","decl":{"start":{"line":13,"column":4},"end":{"line":13,"column":5}},"loc":{"start":{"line":13,"column":29},"end":{"line":15,"column":5}},"line":13},"2":{"name":"(anonymous_2)","decl":{"start":{"line":37,"column":20},"end":{"line":37,"column":21}},"loc":{"start":{"line":37,"column":27},"end":{"line":41,"column":7}},"line":37}},"branchMap":{"0":{"loc":{"start":{"line":40,"column":8},"end":{"line":40,"column":47}},"type":"if","locations":[{"start":{"line":40,"column":8},"end":{"line":40,"column":47}},{"start":{"line":40,"column":8},"end":{"line":40,"column":47}}],"line":40}},"s":{"0":4,"1":4,"2":4,"3":4,"4":2,"5":2,"6":2,"7":2,"8":4},"f":{"0":4,"1":4,"2":2},"b":{"0":[2,0]},"_coverageSchema":"1a1c01bbd47fc00a2c39e90264f33305004495a9","hash":"1f3c72eb7c033fa982637fb8446e3358ba891ee6"}
,"C:\\Users\\Edgar\\Documents\\Code\\Test-Kanggo\\routes\\index.js": {"path":"C:\\Users\\Edgar\\Documents\\Code\\Test-Kanggo\\routes\\index.js","statementMap":{"0":{"start":{"line":1,"column":16},"end":{"line":1,"column":34}},"1":{"start":{"line":2,"column":15},"end":{"line":2,"column":31}},"2":{"start":{"line":3,"column":14},"end":{"line":3,"column":54}},"3":{"start":{"line":4,"column":17},"end":{"line":4,"column":60}},"4":{"start":{"line":5,"column":15},"end":{"line":5,"column":56}},"5":{"start":{"line":6,"column":13},"end":{"line":6,"column":56}},"6":{"start":{"line":7,"column":36},"end":{"line":7,"column":65}},"7":{"start":{"line":9,"column":0},"end":{"line":9,"column":34}},"8":{"start":{"line":10,"column":0},"end":{"line":10,"column":40}},"9":{"start":{"line":12,"column":0},"end":{"line":12,"column":47}},"10":{"start":{"line":13,"column":0},"end":{"line":13,"column":49}},"11":{"start":{"line":14,"column":0},"end":{"line":14,"column":46}},"12":{"start":{"line":15,"column":0},"end":{"line":15,"column":48}},"13":{"start":{"line":16,"column":0},"end":{"line":16,"column":51}},"14":{"start":{"line":18,"column":0},"end":{"line":18,"column":57}},"15":{"start":{"line":19,"column":0},"end":{"line":19,"column":56}},"16":{"start":{"line":20,"column":0},"end":{"line":20,"column":59}},"17":{"start":{"line":21,"column":0},"end":{"line":21,"column":73}},"18":{"start":{"line":22,"column":0},"end":{"line":22,"column":72}},"19":{"start":{"line":24,"column":0},"end":{"line":24,"column":62}},"20":{"start":{"line":25,"column":0},"end":{"line":25,"column":59}},"21":{"start":{"line":26,"column":0},"end":{"line":26,"column":56}},"22":{"start":{"line":28,"column":0},"end":{"line":28,"column":80}},"23":{"start":{"line":28,"column":31},"end":{"line":28,"column":79}},"24":{"start":{"line":29,"column":0},"end":{"line":29,"column":23}}},"fnMap":{"0":{"name":"(anonymous_0)","decl":{"start":{"line":28,"column":11},"end":{"line":28,"column":12}},"loc":{"start":{"line":28,"column":31},"end":{"line":28,"column":79}},"line":28}},"branchMap":{},"s":{"0":4,"1":4,"2":4,"3":4,"4":4,"5":4,"6":4,"7":4,"8":4,"9":4,"10":4,"11":4,"12":4,"13":4,"14":4,"15":4,"16":4,"17":4,"18":4,"19":4,"20":4,"21":4,"22":4,"23":0,"24":4},"f":{"0":0},"b":{},"_coverageSchema":"1a1c01bbd47fc00a2c39e90264f33305004495a9","hash":"d856756b70952965d468fde07dd8c1c2fe66d0f1"}
}
