TN:
SF:app.js
FNF:0
FNH:0
DA:1,4
DA:2,4
DA:3,4
DA:4,4
DA:5,4
DA:6,4
DA:8,4
DA:9,4
DA:10,4
DA:12,4
DA:13,4
DA:14,4
LF:12
LH:12
BRDA:1,0,0,4
BRDA:1,0,1,0
BRF:2
BRH:1
end_of_record
TN:
SF:controllers\orderController.js
FN:4,(anonymous_0)
FN:7,(anonymous_1)
FN:12,(anonymous_2)
FN:16,(anonymous_3)
FN:19,(anonymous_4)
FN:23,(anonymous_5)
FN:29,(anonymous_6)
FN:30,(anonymous_7)
FN:33,(anonymous_8)
FN:36,(anonymous_9)
FN:40,(anonymous_10)
FN:43,(anonymous_11)
FN:45,(anonymous_12)
FN:49,(anonymous_13)
FNF:14
FNH:9
FNDA:2,(anonymous_0)
FNDA:1,(anonymous_1)
FNDA:0,(anonymous_2)
FNDA:1,(anonymous_3)
FNDA:0,(anonymous_4)
FNDA:1,(anonymous_5)
FNDA:1,(anonymous_6)
FNDA:0,(anonymous_7)
FNDA:1,(anonymous_8)
FNDA:1,(anonymous_9)
FNDA:0,(anonymous_10)
FNDA:1,(anonymous_11)
FNDA:1,(anonymous_12)
FNDA:0,(anonymous_13)
DA:1,4
DA:5,2
DA:6,1
DA:8,1
DA:9,1
DA:10,1
DA:12,0
DA:15,1
DA:17,1
DA:19,0
DA:24,1
DA:25,1
DA:26,1
DA:27,1
DA:28,1
DA:29,1
DA:30,0
DA:34,1
DA:35,1
DA:37,1
DA:38,1
DA:40,0
DA:44,1
DA:46,1
DA:47,1
DA:49,0
DA:53,4
LF:27
LH:22
BRDA:5,0,0,1
BRDA:5,0,1,1
BRDA:8,1,0,0
BRDA:8,1,1,1
BRDA:27,2,0,0
BRDA:27,2,1,1
BRDA:37,3,0,0
BRDA:37,3,1,1
BRDA:46,4,0,0
BRDA:46,4,1,1
BRF:10
BRH:6
end_of_record
TN:
SF:controllers\paymentController.js
FN:4,(anonymous_0)
FN:9,(anonymous_1)
FN:13,(anonymous_2)
FN:16,(anonymous_3)
FN:17,(anonymous_4)
FN:20,(anonymous_5)
FN:23,(anonymous_6)
FN:27,(anonymous_7)
FN:31,(anonymous_8)
FN:34,(anonymous_9)
FNF:10
FNH:9
FNDA:3,(anonymous_0)
FNDA:3,(anonymous_1)
FNDA:1,(anonymous_2)
FNDA:1,(anonymous_3)
FNDA:2,(anonymous_4)
FNDA:3,(anonymous_5)
FNDA:2,(anonymous_6)
FNDA:1,(anonymous_7)
FNDA:1,(anonymous_8)
FNDA:0,(anonymous_9)
DA:1,4
DA:5,3
DA:6,3
DA:7,3
DA:8,3
DA:10,3
DA:11,1
DA:14,1
DA:16,1
DA:17,2
DA:21,3
DA:22,2
DA:24,2
DA:25,1
DA:27,1
DA:30,1
DA:32,1
DA:34,0
DA:39,4
LF:19
LH:18
BRDA:10,0,0,2
BRDA:10,0,1,1
BRDA:21,1,0,2
BRDA:21,1,1,1
BRDA:24,2,0,1
BRDA:24,2,1,1
BRF:6
BRH:6
end_of_record
TN:
SF:controllers\productController.js
FN:4,(anonymous_0)
FN:7,(anonymous_1)
FN:11,(anonymous_2)
FN:15,(anonymous_3)
FN:18,(anonymous_4)
FN:22,(anonymous_5)
FN:25,(anonymous_6)
FN:26,(anonymous_7)
FN:29,(anonymous_8)
FN:31,(anonymous_9)
FN:35,(anonymous_10)
FN:38,(anonymous_11)
FN:40,(anonymous_12)
FN:45,(anonymous_13)
FNF:14
FNH:12
FNDA:2,(anonymous_0)
FNDA:1,(anonymous_1)
FNDA:0,(anonymous_2)
FNDA:1,(anonymous_3)
FNDA:0,(anonymous_4)
FNDA:4,(anonymous_5)
FNDA:1,(anonymous_6)
FNDA:3,(anonymous_7)
FNDA:3,(anonymous_8)
FNDA:2,(anonymous_9)
FNDA:2,(anonymous_10)
FNDA:2,(anonymous_11)
FNDA:2,(anonymous_12)
FNDA:1,(anonymous_13)
DA:1,4
DA:5,2
DA:6,1
DA:8,1
DA:9,1
DA:11,0
DA:14,1
DA:16,1
DA:18,0
DA:23,4
DA:24,4
DA:25,1
DA:26,3
DA:30,3
DA:32,2
DA:33,1
DA:35,2
DA:39,2
DA:41,2
DA:42,1
DA:43,1
DA:45,1
DA:49,4
LF:23
LH:21
BRDA:5,0,0,1
BRDA:5,0,1,1
BRDA:8,1,0,0
BRDA:8,1,1,1
BRDA:32,2,0,1
BRDA:32,2,1,1
BRDA:41,3,0,1
BRDA:41,3,1,1
BRF:8
BRH:7
end_of_record
TN:
SF:controllers\userController.js
FN:6,(anonymous_0)
FN:9,(anonymous_1)
FN:16,(anonymous_2)
FN:21,(anonymous_3)
FN:24,(anonymous_4)
FN:27,(anonymous_5)
FNF:6
FNH:6
FNDA:4,(anonymous_0)
FNDA:3,(anonymous_1)
FNDA:2,(anonymous_2)
FNDA:3,(anonymous_3)
FNDA:1,(anonymous_4)
FNDA:1,(anonymous_5)
DA:1,4
DA:2,4
DA:3,4
DA:7,4
DA:8,3
DA:10,3
DA:11,2
DA:12,1
DA:13,1
DA:14,1
DA:17,2
DA:22,3
DA:23,2
DA:25,1
DA:28,1
DA:33,4
LF:16
LH:16
BRDA:7,0,0,1
BRDA:7,0,1,3
BRDA:7,1,0,4
BRDA:7,1,1,3
BRDA:10,2,0,1
BRDA:10,2,1,2
BRDA:11,3,0,1
BRDA:11,3,1,1
BRDA:22,4,0,1
BRDA:22,4,1,2
BRDA:22,5,0,3
BRDA:22,5,1,2
BRF:12
BRH:12
end_of_record
TN:
SF:helpers\bcrypt.js
FN:3,(anonymous_0)
FN:4,(anonymous_1)
FNF:2
FNH:2
FNDA:2,(anonymous_0)
FNDA:2,(anonymous_1)
DA:1,4
DA:3,4
DA:4,4
DA:6,4
LF:4
LH:4
BRF:0
BRH:0
end_of_record
TN:
SF:helpers\jwt.js
FN:4,(anonymous_0)
FN:6,(anonymous_1)
FNF:2
FNH:2
FNDA:2,(anonymous_0)
FNDA:15,(anonymous_1)
DA:1,4
DA:3,4
DA:4,4
DA:6,15
DA:8,4
LF:5
LH:5
BRF:0
BRH:0
end_of_record
TN:
SF:middleware\auth.js
FN:4,(anonymous_0)
FN:10,(anonymous_1)
FN:17,(anonymous_2)
FN:25,(anonymous_3)
FN:28,(anonymous_4)
FN:34,(anonymous_5)
FNF:6
FNH:6
FNDA:17,(anonymous_0)
FNDA:15,(anonymous_1)
FNDA:2,(anonymous_2)
FNDA:4,(anonymous_3)
FNDA:4,(anonymous_4)
FNDA:2,(anonymous_5)
DA:1,4
DA:2,4
DA:4,4
DA:5,17
DA:6,17
DA:7,17
DA:8,15
DA:9,15
DA:11,15
DA:12,2
DA:14,13
DA:15,13
DA:18,2
DA:21,2
DA:25,4
DA:26,4
DA:27,4
DA:29,4
DA:30,4
DA:31,2
DA:32,2
DA:34,2
DA:36,0
DA:40,4
LF:24
LH:23
BRDA:7,0,0,2
BRDA:7,0,1,15
BRDA:11,1,0,2
BRDA:11,1,1,13
BRDA:30,2,0,2
BRDA:30,2,1,2
BRDA:31,3,0,0
BRDA:31,3,1,2
BRF:8
BRH:7
end_of_record
TN:
SF:middleware\errorHandler.js
FN:1,(anonymous_0)
FN:5,(anonymous_1)
FNF:2
FNH:2
FNDA:20,(anonymous_0)
FNDA:4,(anonymous_1)
DA:1,4
DA:2,20
DA:3,20
DA:5,4
DA:7,4
DA:8,4
DA:13,8
DA:14,8
DA:15,8
DA:19,5
DA:20,5
DA:21,5
DA:26,3
DA:27,3
DA:30,0
DA:32,20
LF:16
LH:15
BRDA:3,0,0,4
BRDA:3,0,1,4
BRDA:3,0,2,0
BRDA:3,0,3,0
BRDA:3,0,4,8
BRDA:3,0,5,1
BRDA:3,0,6,5
BRDA:3,0,7,2
BRDA:3,0,8,2
BRDA:3,0,9,3
BRDA:3,0,10,0
BRDA:14,1,0,8
BRDA:14,1,1,0
BRDA:19,2,0,5
BRDA:19,2,1,0
BRF:15
BRH:10
end_of_record
TN:
SF:models\index.js
FN:20,(anonymous_0)
FN:23,(anonymous_1)
FN:28,(anonymous_2)
FNF:3
FNH:3
FNDA:20,(anonymous_0)
FNDA:16,(anonymous_1)
FNDA:16,(anonymous_2)
DA:3,4
DA:4,4
DA:5,4
DA:6,4
DA:7,4
DA:8,4
DA:9,4
DA:12,4
DA:13,0
DA:15,4
DA:18,4
DA:21,20
DA:24,16
DA:25,16
DA:28,4
DA:29,16
DA:30,16
DA:34,4
DA:35,4
DA:37,4
LF:20
LH:19
BRDA:7,0,0,4
BRDA:7,0,1,0
BRDA:12,1,0,0
BRDA:12,1,1,4
BRDA:21,2,0,20
BRDA:21,2,1,20
BRDA:21,2,2,16
BRDA:29,3,0,16
BRDA:29,3,1,0
BRF:9
BRH:6
end_of_record
TN:
SF:models\order.js
FN:5,(anonymous_0)
FN:12,(anonymous_1)
FNF:2
FNH:2
FNDA:4,(anonymous_0)
FNDA:4,(anonymous_1)
DA:4,4
DA:5,4
DA:14,4
DA:15,4
DA:18,4
DA:27,4
LF:6
LH:6
BRF:0
BRH:0
end_of_record
TN:
SF:models\pembayaran.js
FN:5,(anonymous_0)
FN:12,(anonymous_1)
FNF:2
FNH:2
FNDA:4,(anonymous_0)
FNDA:4,(anonymous_1)
DA:4,4
DA:5,4
DA:16,4
DA:24,4
LF:4
LH:4
BRF:0
BRH:0
end_of_record
TN:
SF:models\product.js
FN:5,(anonymous_0)
FN:12,(anonymous_1)
FNF:2
FNH:2
FNDA:4,(anonymous_0)
FNDA:4,(anonymous_1)
DA:4,4
DA:5,4
DA:16,4
DA:32,4
LF:4
LH:4
BRF:0
BRH:0
end_of_record
TN:
SF:models\user.js
FN:6,(anonymous_0)
FN:13,(anonymous_1)
FN:37,(anonymous_2)
FNF:3
FNH:3
FNDA:4,(anonymous_0)
FNDA:4,(anonymous_1)
FNDA:2,(anonymous_2)
DA:2,4
DA:5,4
DA:6,4
DA:17,4
DA:38,2
DA:39,2
DA:40,2
DA:46,4
LF:8
LH:8
BRDA:40,0,0,2
BRDA:40,0,1,0
BRF:2
BRH:1
end_of_record
TN:
SF:routes\index.js
FN:28,(anonymous_0)
FNF:1
FNH:0
FNDA:0,(anonymous_0)
DA:1,4
DA:2,4
DA:3,4
DA:4,4
DA:5,4
DA:6,4
DA:7,4
DA:9,4
DA:10,4
DA:12,4
DA:13,4
DA:14,4
DA:15,4
DA:16,4
DA:18,4
DA:19,4
DA:20,4
DA:21,4
DA:22,4
DA:24,4
DA:25,4
DA:26,4
DA:28,4
DA:29,4
LF:24
LH:24
BRF:0
BRH:0
end_of_record
